[17:51:47] [main/INFO] (FabricLoader/GameProvider) Loading Minecraft 1.20.1 with Fabric Loader 0.17.2
[17:51:47] [main/WARN] (FabricLoader/Resolution) Mod resolution failed
[17:51:47] [main/INFO] (FabricLoader/Resolution) Immediate reason: [HARD_DEP_NO_CANDIDATE trinkets 3.7.2 {depends cardinal-components-base @ [>=3.0.0-0]}, ROOT_FORCELOAD_SINGLE trinkets 3.7.2]
[17:51:47] [main/INFO] (FabricLoader/Resolution) Reason: [HARD_DEP trinkets 3.7.2 {depends cardinal-components-base @ [>=3.0.0-0]}, HARD_DEP trinkets 3.7.2 {depends cardinal-components-entity @ [>=3.0.0-0]}]
[17:51:47] [main/INFO] (FabricLoader/Resolution) Fix: add [add:cardinal-components-base 3.0.0-0 ([[3.0.0-0,∞)]), add:cardinal-components-entity 3.0.0-0 ([[3.0.0-0,∞)])], remove [], replace []
[17:51:47] [main/ERROR] (FabricLoader) Incompatible mods found!
net.fabricmc.loader.impl.FormattedException: Some of your mods are incompatible with the game or each other!
确定了一种可能的解决方法，这样做可能会解决你的问题：
	 - 安装 cardinal-components-base，3.0.0-0 及以上版本。
	 - 安装 cardinal-components-entity，3.0.0-0 及以上版本。
更多信息：
	 - 模组 'Trinkets' (trinkets) 3.7.2 需要 cardinal-components-base 的 3.0.0-0 及以上版本，但没有安装它！
	 - 模组 'Trinkets' (trinkets) 3.7.2 需要 cardinal-components-entity 的 3.0.0-0 及以上版本，但没有安装它！
	at net.fabricmc.loader.impl.FormattedException.ofLocalized(FormattedException.java:51) ~[fabric-loader-0.17.2.jar:?]
	at net.fabricmc.loader.impl.FabricLoaderImpl.load(FabricLoaderImpl.java:202) ~[fabric-loader-0.17.2.jar:?]
	at net.fabricmc.loader.impl.launch.knot.Knot.init(Knot.java:142) ~[fabric-loader-0.17.2.jar:?]
	at net.fabricmc.loader.impl.launch.knot.Knot.launch(Knot.java:66) ~[fabric-loader-0.17.2.jar:?]
	at net.fabricmc.loader.impl.launch.knot.KnotClient.main(KnotClient.java:23) ~[fabric-loader-0.17.2.jar:?]
	at net.fabricmc.devlaunchinjector.Main.main(Main.java:86) ~[?:?]
	at dev.architectury.transformer.TransformerRuntime.main(TransformerRuntime.java:220) ~[?:?]
